<?xml version="1.0" encoding="UTF-8"?>
<!-- Generated by org.testng.reporters.JUnitXMLReporter -->
<testsuite ignored="1" hostname="ZSCHN01LP0391" failures="1" tests="1" name="Default test(failed)" time="14.721" errors="0" timestamp="2024-02-01T15:50:09 IST">
  <testcase classname="testScripts.FailedTestCaseRun" name="java" time="12.176">
    <failure type="java.lang.AssertionError" message="expected [Java Tutorial - Google Search Engine] but found [Java Tutorial - Google Search]">
      <![CDATA[java.lang.AssertionError: expected [Java Tutorial - Google Search Engine] but found [Java Tutorial - Google Search]
at testScripts.FailedTestCaseRun.java(FailedTestCaseRun.java:36)
at java.base/java.util.ArrayList.forEach(ArrayList.java:1511)
... Removed 33 stack frames]]>
    </failure>
  </testcase> <!-- java -->
  <testcase classname="testScripts.FailedTestCaseRun" name="selenium" time="0.0">
    <ignored/>
  </testcase> <!-- selenium -->
</testsuite> <!-- Default test(failed) -->
