<?xml version="1.0" encoding="UTF-8"?>
<!-- Generated by org.testng.reporters.JUnitXMLReporter -->
<testsuite ignored="0" hostname="ZSCHN01LP0391" failures="0" tests="4" name="ModuleTwoTest" time="8.675" errors="0" timestamp="2024-02-02T15:25:48 IST">
  <testcase classname="parallelScripts.SampleThreeTest" name="testFour" time="2.558"/>
  <testcase classname="parallelScripts.SampleThreeTest" name="testOne" time="1.948"/>
  <testcase classname="parallelScripts.SampleThreeTest" name="testThree" time="2.035"/>
  <testcase classname="parallelScripts.SampleThreeTest" name="testTwo" time="2.092"/>
</testsuite> <!-- ModuleTwoTest -->
