<?xml version="1.0" encoding="UTF-8"?>
<!-- Generated by org.testng.reporters.JUnitXMLReporter -->
<testsuite ignored="0" hostname="ZSCHN01LP0391" failures="0" tests="8" name="ModuleOneTest" time="16.614" errors="0" timestamp="2024-02-02T15:25:56 IST">
  <testcase classname="parallelScripts.SampleOneTest" name="test1" time="2.558"/>
  <testcase classname="parallelScripts.SampleOneTest" name="test2" time="2.034"/>
  <testcase classname="parallelScripts.SampleOneTest" name="test3" time="2.027"/>
  <testcase classname="parallelScripts.SampleOneTest" name="test4" time="2.201"/>
  <testcase classname="parallelScripts.SampleTwoTest" name="testfour" time="1.84"/>
  <testcase classname="parallelScripts.SampleTwoTest" name="testone" time="1.939"/>
  <testcase classname="parallelScripts.SampleTwoTest" name="testthree" time="2.171"/>
  <testcase classname="parallelScripts.SampleTwoTest" name="testtwo" time="1.792"/>
</testsuite> <!-- ModuleOneTest -->
