<?xml version="1.0" encoding="UTF-8"?>
<testng-results ignored="0" total="1" passed="1" failed="0" skipped="0">
  <reporter-output>
  </reporter-output>
  <suite started-at="2024-02-21T15:30:28 IST" name="Default suite" finished-at="2024-02-21T15:30:46 IST" duration-ms="18055">
    <groups>
    </groups>
    <test started-at="2024-02-21T15:30:28 IST" name="Default test" finished-at="2024-02-21T15:30:46 IST" duration-ms="18055">
      <class name="testScripts.HandleIFrameTest">
        <test-method signature="frame()[pri:0, instance:testScripts.HandleIFrameTest@66d3eec0]" started-at="2024-02-21T15:30:28 IST" name="frame" finished-at="2024-02-21T15:30:46 IST" duration-ms="18024" status="PASS">
          <reporter-output>
          </reporter-output>
        </test-method> <!-- frame -->
      </class> <!-- testScripts.HandleIFrameTest -->
    </test> <!-- Default test -->
  </suite> <!-- Default suite -->
</testng-results>
